procedure main {
    list <- [478,234,1,52,19,20,33,52,32,21,6,7,7,8,9];
    invoke insertionSort
};

procedure insertionSort{
    originalLength = len(list);
    listResult <- [];
    while (len(list) > 0){
        invoke getLargestNumIndex;
        invoke removeLargestFromList
    };
    list <- listResult
};
 
procedure getLargestNumIndex {
    largestNumIndex = 0;
    listLength = len(list);
    for(i = 0; i < listLength; i++){
        if(list[i] > list[largestNumIndex]){
            largestNumIndex = i
        }
    }
};

procedure removeLargestFromList {
    listAux <- [];
    listLength = len(list);

    for(i = 0; i < listLength; i++) {
        if(i == largestNumIndex){
            listResult <- cons(list[0],listResult)
        } else {
            listAux <- cons(list[0],listAux)
        };
        list <- tail(list)
    };
    list <- listAux
};
